<?xml version="1.0" encoding="UTF-8"?>
<!-- Generated by org.testng.reporters.JUnitXMLReporter -->
<testsuite hostname="EGY-MMAHRAN-NB3" name="Default test" tests="3" failures="0" timestamp="20 May 2021 11:03:38 GMT" time="0.104" errors="0">
  <testcase name="@BeforeTest setUp" time="0.0" classname="tests.Tests">
    <failure type="org.testng.TestNGException" message="
Parameter &amp;apos;browser&amp;apos; is required by @Configuration on method setUp but has not been marked @Optional or defined
in C:\Users\mmahran\AppData\Local\Temp\testng-eclipse--1872329905\testng-customsuite.xml">
      <![CDATA[org.testng.TestNGException: 
Parameter 'browser' is required by @Configuration on method setUp but has not been marked @Optional or defined
in C:\Users\mmahran\AppData\Local\Temp\testng-eclipse--1872329905\testng-customsuite.xml
	at org.testng.internal.Parameters.createParameters(Parameters.java:154)
	at org.testng.internal.Parameters.createParameters(Parameters.java:361)
	at org.testng.internal.Parameters.createConfigurationParameters(Parameters.java:84)
	at org.testng.internal.Invoker.invokeConfigurations(Invoker.java:197)
	at org.testng.internal.Invoker.invokeConfigurations(Invoker.java:138)
	at org.testng.TestRunner.beforeRun(TestRunner.java:648)
	at org.testng.TestRunner.run(TestRunner.java:616)
	at org.testng.SuiteRunner.runTest(SuiteRunner.java:359)
	at org.testng.SuiteRunner.runSequentially(SuiteRunner.java:354)
	at org.testng.SuiteRunner.privateRun(SuiteRunner.java:312)
	at org.testng.SuiteRunner.run(SuiteRunner.java:261)
	at org.testng.SuiteRunnerWorker.runSuite(SuiteRunnerWorker.java:52)
	at org.testng.SuiteRunnerWorker.run(SuiteRunnerWorker.java:86)
	at org.testng.TestNG.runSuitesSequentially(TestNG.java:1215)
	at org.testng.TestNG.runSuitesLocally(TestNG.java:1140)
	at org.testng.TestNG.run(TestNG.java:1048)
	at org.testng.remote.AbstractRemoteTestNG.run(AbstractRemoteTestNG.java:126)
	at org.testng.remote.RemoteTestNG.initAndRun(RemoteTestNG.java:137)
	at org.testng.remote.RemoteTestNG.main(RemoteTestNG.java:58)
]]>
    </failure>
  </testcase> <!-- @BeforeTest setUp -->
  <testcase name="@BeforeMethod goToHome" time="0.0" classname="tests.Tests">
    <skipped/>
  </testcase> <!-- @BeforeMethod goToHome -->
  <testcase name="@BeforeMethod goToHome" time="0.0" classname="tests.Tests">
    <skipped/>
  </testcase> <!-- @BeforeMethod goToHome -->
  <testcase name="@BeforeMethod goToHome" time="0.0" classname="tests.Tests">
    <skipped/>
  </testcase> <!-- @BeforeMethod goToHome -->
  <testcase name="@AfterTest tearDown" time="0.0" classname="tests.Tests">
    <skipped/>
  </testcase> <!-- @AfterTest tearDown -->
  <testcase name="validateAddToCart" time="0.021" classname="tests.Tests">
    <skipped/>
  </testcase> <!-- validateAddToCart -->
  <testcase name="validateLogin" time="0.002" classname="tests.Tests">
    <skipped/>
  </testcase> <!-- validateLogin -->
  <testcase name="validateSearchCriteria" time="0.008" classname="tests.Tests">
    <skipped/>
  </testcase> <!-- validateSearchCriteria -->
</testsuite> <!-- Default test -->
